0 info it worked if it ends with ok
1 verbose cli [ 'E:\\Program Files\\nodejs\\\\node.exe',
1 verbose cli   'E:\\Program Files\\nodejs\\node_modules\\npm\\bin\\npm-cli.js',
1 verbose cli   'install',
1 verbose cli   '-g',
1 verbose cli   'n',
1 verbose cli   'stable' ]
2 info using npm@1.4.14
3 info using node@v0.10.29
4 verbose node symlink E:\Program Files\nodejs\\node.exe
5 verbose cache add [ 'n', null ]
6 verbose cache add name=undefined spec="n" args=["n",null]
7 verbose parsed url { protocol: null,
7 verbose parsed url   slashes: null,
7 verbose parsed url   auth: null,
7 verbose parsed url   host: null,
7 verbose parsed url   port: null,
7 verbose parsed url   hostname: null,
7 verbose parsed url   hash: null,
7 verbose parsed url   search: null,
7 verbose parsed url   query: null,
7 verbose parsed url   pathname: 'n',
7 verbose parsed url   path: 'n',
7 verbose parsed url   href: 'n' }
8 verbose cache add [ 'stable', null ]
9 verbose cache add name=undefined spec="stable" args=["stable",null]
10 verbose parsed url { protocol: null,
10 verbose parsed url   slashes: null,
10 verbose parsed url   auth: null,
10 verbose parsed url   host: null,
10 verbose parsed url   port: null,
10 verbose parsed url   hostname: null,
10 verbose parsed url   hash: null,
10 verbose parsed url   search: null,
10 verbose parsed url   query: null,
10 verbose parsed url   pathname: 'stable',
10 verbose parsed url   path: 'stable',
10 verbose parsed url   href: 'stable' }
11 silly lockFile d1854cae-n n
12 verbose lock n C:\Users\DELL\AppData\Roaming\npm-cache\d1854cae-n.lock
13 silly lockFile 4fbacc2f-stable stable
14 verbose lock stable C:\Users\DELL\AppData\Roaming\npm-cache\4fbacc2f-stable.lock
15 silly lockFile d1854cae-n n
16 silly lockFile d1854cae-n n
17 verbose addNamed [ 'n', '' ]
18 verbose addNamed [ null, '*' ]
19 silly lockFile 6b58d7dc-n n@
20 verbose lock n@ C:\Users\DELL\AppData\Roaming\npm-cache\6b58d7dc-n.lock
21 silly lockFile 4fbacc2f-stable stable
22 silly lockFile 4fbacc2f-stable stable
23 silly addNameRange { name: 'n', range: '*', hasData: false }
24 verbose addNamed [ 'stable', '' ]
25 verbose addNamed [ null, '*' ]
26 silly lockFile 026aa5b0-stable stable@
27 verbose lock stable@ C:\Users\DELL\AppData\Roaming\npm-cache\026aa5b0-stable.lock
28 verbose url raw n
29 verbose url resolving [ 'https://registry.npmjs.org/', './n' ]
30 verbose url resolved https://registry.npmjs.org/n
31 info trying registry request attempt 1 at 00:34:05
32 verbose etag "5E3ZCIQU6SNYXLBKQ603Z7QCQ"
33 http GET https://registry.npmjs.org/n
34 silly addNameRange { name: 'stable', range: '*', hasData: false }
35 verbose url raw stable
36 verbose url resolving [ 'https://registry.npmjs.org/', './stable' ]
37 verbose url resolved https://registry.npmjs.org/stable
38 info trying registry request attempt 1 at 00:34:05
39 http GET https://registry.npmjs.org/stable
40 http 304 https://registry.npmjs.org/n
41 silly registry.get cb [ 304,
41 silly registry.get   { date: 'Mon, 17 Nov 2014 16:37:11 GMT',
41 silly registry.get     server: 'Apache',
41 silly registry.get     via: '1.1 varnish',
41 silly registry.get     'last-modified': 'Mon, 17 Nov 2014 16:36:28 GMT',
41 silly registry.get     'cache-control': 'max-age=60',
41 silly registry.get     etag: '"5E3ZCIQU6SNYXLBKQ603Z7QCQ"',
41 silly registry.get     age: '43',
41 silly registry.get     'x-served-by': 'cache-ty67-TYO',
41 silly registry.get     'x-cache': 'HIT',
41 silly registry.get     'x-cache-hits': '2',
41 silly registry.get     'x-timer': 'S1416242231.942377,VS0,VE0',
41 silly registry.get     vary: 'Accept',
41 silly registry.get     'content-length': '0',
41 silly registry.get     'keep-alive': 'timeout=10, max=50',
41 silly registry.get     connection: 'Keep-Alive' } ]
42 verbose etag n from cache
43 silly addNameRange number 2 { name: 'n', range: '*', hasData: true }
44 silly addNameRange versions [ 'n',
44 silly addNameRange   [ '0.0.1',
44 silly addNameRange     '0.0.2',
44 silly addNameRange     '0.0.3',
44 silly addNameRange     '0.0.4',
44 silly addNameRange     '0.1.0',
44 silly addNameRange     '0.1.1',
44 silly addNameRange     '0.1.2',
44 silly addNameRange     '0.2.0',
44 silly addNameRange     '0.2.1',
44 silly addNameRange     '0.2.2',
44 silly addNameRange     '0.3.0',
44 silly addNameRange     '0.4.0',
44 silly addNameRange     '0.4.1',
44 silly addNameRange     '0.4.2',
44 silly addNameRange     '0.5.0',
44 silly addNameRange     '0.5.1',
44 silly addNameRange     '0.5.2',
44 silly addNameRange     '0.5.3',
44 silly addNameRange     '0.5.4',
44 silly addNameRange     '0.6.0',
44 silly addNameRange     '0.6.1',
44 silly addNameRange     '0.7.0',
44 silly addNameRange     '0.7.1',
44 silly addNameRange     '0.7.2',
44 silly addNameRange     '0.7.3',
44 silly addNameRange     '0.8.0',
44 silly addNameRange     '0.8.1',
44 silly addNameRange     '0.8.2',
44 silly addNameRange     '0.9.0',
44 silly addNameRange     '0.9.1',
44 silly addNameRange     '0.9.2',
44 silly addNameRange     '0.9.3',
44 silly addNameRange     '1.0.0',
44 silly addNameRange     '1.1.0',
44 silly addNameRange     '1.2.1',
44 silly addNameRange     '1.2.2',
44 silly addNameRange     '1.2.3',
44 silly addNameRange     '1.2.4',
44 silly addNameRange     '1.2.5',
44 silly addNameRange     '1.2.6',
44 silly addNameRange     '1.2.7',
44 silly addNameRange     '1.2.8',
44 silly addNameRange     '1.2.9' ] ]
45 verbose addNamed [ 'n', '1.2.9' ]
46 verbose addNamed [ '1.2.9', '1.2.9' ]
47 silly lockFile 7f22195c-n-1-2-9 n@1.2.9
48 verbose lock n@1.2.9 C:\Users\DELL\AppData\Roaming\npm-cache\7f22195c-n-1-2-9.lock
49 http 200 https://registry.npmjs.org/stable
50 silly registry.get cb [ 200,
50 silly registry.get   { date: 'Mon, 17 Nov 2014 16:37:12 GMT',
50 silly registry.get     server: 'CouchDB/1.5.0 (Erlang OTP/R16B03)',
50 silly registry.get     etag: '"6I0JL21SROLHV8FL0GMWMTVY1"',
50 silly registry.get     'content-type': 'application/json',
50 silly registry.get     'cache-control': 'max-age=60',
50 silly registry.get     'content-length': '9075',
50 silly registry.get     'accept-ranges': 'bytes',
50 silly registry.get     via: '1.1 varnish',
50 silly registry.get     age: '0',
50 silly registry.get     'x-served-by': 'cache-ty66-TYO',
50 silly registry.get     'x-cache': 'HIT',
50 silly registry.get     'x-cache-hits': '63',
50 silly registry.get     'x-timer': 'S1416242231.962474,VS0,VE124',
50 silly registry.get     vary: 'Accept',
50 silly registry.get     'keep-alive': 'timeout=10, max=50',
50 silly registry.get     connection: 'Keep-Alive' } ]
51 silly lockFile 7f22195c-n-1-2-9 n@1.2.9
52 silly lockFile 7f22195c-n-1-2-9 n@1.2.9
53 silly lockFile 6b58d7dc-n n@
54 silly lockFile 6b58d7dc-n n@
55 silly addNameRange number 2 { name: 'stable', range: '*', hasData: true }
56 silly addNameRange versions [ 'stable',
56 silly addNameRange   [ '0.1.0', '0.1.1', '0.1.2', '0.1.3', '0.1.4', '0.1.5' ] ]
57 verbose addNamed [ 'stable', '0.1.5' ]
58 verbose addNamed [ '0.1.5', '0.1.5' ]
59 silly lockFile 2b1b203e-stable-0-1-5 stable@0.1.5
60 verbose lock stable@0.1.5 C:\Users\DELL\AppData\Roaming\npm-cache\2b1b203e-stable-0-1-5.lock
61 silly lockFile a2bd221b-pmjs-org-stable-stable-0-1-5-tgz https://registry.npmjs.org/stable/-/stable-0.1.5.tgz
62 verbose lock https://registry.npmjs.org/stable/-/stable-0.1.5.tgz C:\Users\DELL\AppData\Roaming\npm-cache\a2bd221b-pmjs-org-stable-stable-0-1-5-tgz.lock
63 verbose addRemoteTarball [ 'https://registry.npmjs.org/stable/-/stable-0.1.5.tgz',
63 verbose addRemoteTarball   '08232f60c732e9890784b5bed0734f8b32a887b9' ]
64 info retry fetch attempt 1 at 00:34:06
65 verbose fetch to= C:\Users\DELL\AppData\Local\Temp\npm-16736-RgOkXjO7\registry.npmjs.org\stable\-\stable-0.1.5.tgz
66 http GET https://registry.npmjs.org/stable/-/stable-0.1.5.tgz
67 http 200 https://registry.npmjs.org/stable/-/stable-0.1.5.tgz
68 silly lockFile a2bd221b-pmjs-org-stable-stable-0-1-5-tgz https://registry.npmjs.org/stable/-/stable-0.1.5.tgz
69 silly lockFile a2bd221b-pmjs-org-stable-stable-0-1-5-tgz https://registry.npmjs.org/stable/-/stable-0.1.5.tgz
70 silly lockFile 2b1b203e-stable-0-1-5 stable@0.1.5
71 silly lockFile 2b1b203e-stable-0-1-5 stable@0.1.5
72 silly lockFile 026aa5b0-stable stable@
73 silly lockFile 026aa5b0-stable stable@
74 silly resolved [ { name: 'n',
74 silly resolved     description: 'node version manager',
74 silly resolved     version: '1.2.9',
74 silly resolved     author: { name: 'TJ Holowaychuk', email: 'tj@vision-media.ca' },
74 silly resolved     homepage: 'https://github.com/visionmedia/n',
74 silly resolved     bugs: { url: 'https://github.com/visionmedia/n/issues' },
74 silly resolved     keywords: [ 'node', 'binary', 'version', 'manager', 'switcher', 'env' ],
74 silly resolved     bin: { n: './bin/n' },
74 silly resolved     repository: { type: 'git', url: 'git://github.com/visionmedia/n.git' },
74 silly resolved     preferGlobal: true,
74 silly resolved     os: [ '!win32' ],
74 silly resolved     engines: { node: '*' },
74 silly resolved     license: 'MIT',
74 silly resolved     _id: 'n@1.2.9',
74 silly resolved     _shasum: '962f4a31f218e0e03d4353e68311d4bbe38cf130',
74 silly resolved     _from: 'n@',
74 silly resolved     _npmVersion: '1.4.9',
74 silly resolved     _npmUser: { name: 'tjwebb', email: 'me@traviswebb.com' },
74 silly resolved     maintainers: [ [Object], [Object], [Object] ],
74 silly resolved     dist:
74 silly resolved      { shasum: '962f4a31f218e0e03d4353e68311d4bbe38cf130',
74 silly resolved        tarball: 'http://registry.npmjs.org/n/-/n-1.2.9.tgz' },
74 silly resolved     directories: {},
74 silly resolved     _resolved: 'https://registry.npmjs.org/n/-/n-1.2.9.tgz',
74 silly resolved     readme: 'ERROR: No README data found!' },
74 silly resolved   { name: 'stable',
74 silly resolved     version: '0.1.5',
74 silly resolved     keywords: [ 'stable', 'array', 'sort' ],
74 silly resolved     description: 'A stable array sort for JavaScript',
74 silly resolved     repository: { type: 'git', url: 'https://github.com/Two-Screen/stable.git' },
74 silly resolved     main: './stable.js',
74 silly resolved     devDependencies: { tape: '2', 'uglify-js': '2' },
74 silly resolved     scripts:
74 silly resolved      { test: 'node ./test.js',
74 silly resolved        minify: 'uglifyjs --comments \'/^!/\' -c -m -o ./stable.min.js ./stable.js' },
74 silly resolved     testling: { files: './test.js', browsers: [Object] },
74 silly resolved     author: { name: 'Angry Bytes', email: 'info@angrybytes.com' },
74 silly resolved     contributors: [ [Object], [Object], [Object] ],
74 silly resolved     license: 'MIT',
74 silly resolved     bugs: { url: 'https://github.com/Two-Screen/stable/issues' },
74 silly resolved     homepage: 'https://github.com/Two-Screen/stable',
74 silly resolved     _id: 'stable@0.1.5',
74 silly resolved     dist:
74 silly resolved      { shasum: '08232f60c732e9890784b5bed0734f8b32a887b9',
74 silly resolved        tarball: 'http://registry.npmjs.org/stable/-/stable-0.1.5.tgz' },
74 silly resolved     _from: 'stable@',
74 silly resolved     _npmVersion: '1.3.26',
74 silly resolved     _npmUser: { name: 'stephank', email: 'stephan@kochen.nl' },
74 silly resolved     maintainers: [ [Object] ],
74 silly resolved     directories: {},
74 silly resolved     _shasum: '08232f60c732e9890784b5bed0734f8b32a887b9',
74 silly resolved     _resolved: 'https://registry.npmjs.org/stable/-/stable-0.1.5.tgz' } ]
75 info install n@1.2.9 into C:\Users\DELL\AppData\Roaming\npm
76 info install stable@0.1.5 into C:\Users\DELL\AppData\Roaming\npm
77 info installOne n@1.2.9
78 error notsup Unsupported
78 error notsup Not compatible with your operating system or architecture: n@1.2.9
78 error notsup Valid OS:    !win32
78 error notsup Valid Arch:  any
78 error notsup Actual OS:   win32
78 error notsup Actual Arch: x64
79 error System Windows_NT 6.1.7601
80 error command "E:\\Program Files\\nodejs\\\\node.exe" "E:\\Program Files\\nodejs\\node_modules\\npm\\bin\\npm-cli.js" "install" "-g" "n" "stable"
81 error cwd E:\myApp
82 error node -v v0.10.29
83 error npm -v 1.4.14
84 error code EBADPLATFORM
85 verbose exit [ 1, true ]
